<?xml version="1.0" encoding="UTF-8"?>
<!-- Generated by org.testng.reporters.JUnitReportReporter -->
<testsuite hostname="Nikhils-Air" failures="0" tests="1" name="com.Procure.Admin.addretailerwithmandatorytextfieldTest" time="18.277" errors="0" timestamp="2023-11-30T13:10:56 IST" skipped="0">
  <testcase classname="com.Procure.Admin.addretailerwithmandatorytextfieldTest" name="addretailerwithmandatorytextfield" time="18.277"/>
  <system-out>
    <![CDATA[addretailerwithmandatorytextfield----TestScript execution strts from here-----
addretailerwithmandatorytextfield----TestScript executed successfully-----]]>
  </system-out>
</testsuite> <!-- com.Procure.Admin.addretailerwithmandatorytextfieldTest -->
